sentry/sentry: [debug] The "Sentry\Integration\ExceptionListenerIntegration, Sentry\Integration\ErrorListenerIntegration, Sentry\Integration\FatalErrorListenerIntegration, Sentry\Integration\RequestIntegration, Sentry\Integration\TransactionIntegration, Sentry\Integration\FrameContextifierIntegration, Sentry\Integration\EnvironmentIntegration, Sentry\Integration\ModulesIntegration" integration(s) have been installed.
sentry/sentry: [info] Sending event [b7b959448c6d40d681237814f465f29d] to o4508363333959680.ingest.de.sentry.io [project:4508363545575504].
sentry/sentry: [error] Failed to send event [b7b959448c6d40d681237814f465f29d] to o4508363333959680.ingest.de.sentry.io [project:4508363545575504]. Reason: "cURL Error (60) SSL certificate problem: unable to get local issuer certificate".
sentry/sentry: [debug] The "Sentry\Integration\ExceptionListenerIntegration, Sentry\Integration\ErrorListenerIntegration, Sentry\Integration\FatalErrorListenerIntegration, Sentry\Integration\RequestIntegration, Sentry\Integration\TransactionIntegration, Sentry\Integration\FrameContextifierIntegration, Sentry\Integration\EnvironmentIntegration, Sentry\Integration\ModulesIntegration" integration(s) have been installed.
sentry/sentry: [info] Sending event [22e3eb9f82b14a2bb8f36c17e8f36c55] to o4508363333959680.ingest.de.sentry.io [project:4508363545575504].
sentry/sentry: [error] Failed to send event [22e3eb9f82b14a2bb8f36c17e8f36c55] to o4508363333959680.ingest.de.sentry.io [project:4508363545575504]. Reason: "cURL Error (60) SSL certificate problem: unable to get local issuer certificate".
sentry/sentry: [debug] The "Sentry\Integration\ExceptionListenerIntegration, Sentry\Integration\ErrorListenerIntegration, Sentry\Integration\FatalErrorListenerIntegration, Sentry\Integration\RequestIntegration, Sentry\Integration\TransactionIntegration, Sentry\Integration\FrameContextifierIntegration, Sentry\Integration\EnvironmentIntegration, Sentry\Integration\ModulesIntegration" integration(s) have been installed.
sentry/sentry: [info] Sending event [4b133315c55244b2939637b6e002ad83] to o4508363333959680.ingest.de.sentry.io [project:4508363545575504].
sentry/sentry: [error] Failed to send event [4b133315c55244b2939637b6e002ad83] to o4508363333959680.ingest.de.sentry.io [project:4508363545575504]. Reason: "cURL Error (60) SSL certificate problem: unable to get local issuer certificate".
sentry/sentry: [debug] The "Sentry\Integration\ExceptionListenerIntegration, Sentry\Integration\ErrorListenerIntegration, Sentry\Integration\FatalErrorListenerIntegration, Sentry\Integration\RequestIntegration, Sentry\Integration\TransactionIntegration, Sentry\Integration\FrameContextifierIntegration, Sentry\Integration\EnvironmentIntegration, Sentry\Integration\ModulesIntegration" integration(s) have been installed.
sentry/sentry: [info] Sending event [5997fe0feee842398c61a9f948ce9771] to o4508363333959680.ingest.de.sentry.io [project:4508363545575504].
sentry/sentry: [error] Failed to send event [5997fe0feee842398c61a9f948ce9771] to o4508363333959680.ingest.de.sentry.io [project:4508363545575504]. Reason: "cURL Error (60) SSL certificate problem: unable to get local issuer certificate".
sentry/sentry: [debug] The "Sentry\Integration\ExceptionListenerIntegration, Sentry\Integration\ErrorListenerIntegration, Sentry\Integration\FatalErrorListenerIntegration, Sentry\Integration\RequestIntegration, Sentry\Integration\TransactionIntegration, Sentry\Integration\FrameContextifierIntegration, Sentry\Integration\EnvironmentIntegration, Sentry\Integration\ModulesIntegration" integration(s) have been installed.
sentry/sentry: [info] Sending event [baaf415ff1d1480db80ecdc1616d5266] to o4508363333959680.ingest.de.sentry.io [project:4508363545575504].
sentry/sentry: [error] Failed to send event [baaf415ff1d1480db80ecdc1616d5266] to o4508363333959680.ingest.de.sentry.io [project:4508363545575504]. Reason: "cURL Error (60) SSL certificate problem: unable to get local issuer certificate".
sentry/sentry: [debug] The "Sentry\Integration\ExceptionListenerIntegration, Sentry\Integration\ErrorListenerIntegration, Sentry\Integration\FatalErrorListenerIntegration, Sentry\Integration\RequestIntegration, Sentry\Integration\TransactionIntegration, Sentry\Integration\FrameContextifierIntegration, Sentry\Integration\EnvironmentIntegration, Sentry\Integration\ModulesIntegration" integration(s) have been installed.
sentry/sentry: [info] Sending event [a5da1da22e7f46e5bb2acae7c935cb17] to o4508363333959680.ingest.de.sentry.io [project:4508363545575504].
sentry/sentry: [error] Failed to send event [a5da1da22e7f46e5bb2acae7c935cb17] to o4508363333959680.ingest.de.sentry.io [project:4508363545575504]. Reason: "cURL Error (60) SSL certificate problem: unable to get local issuer certificate".
sentry/sentry: [debug] The "Sentry\Integration\ExceptionListenerIntegration, Sentry\Integration\ErrorListenerIntegration, Sentry\Integration\FatalErrorListenerIntegration, Sentry\Integration\RequestIntegration, Sentry\Integration\TransactionIntegration, Sentry\Integration\FrameContextifierIntegration, Sentry\Integration\EnvironmentIntegration, Sentry\Integration\ModulesIntegration" integration(s) have been installed.
sentry/sentry: [info] Sending event [dcba0ee8381a457eb3d170e418c00e6b] to o4508363333959680.ingest.de.sentry.io [project:4508363545575504].
sentry/sentry: [error] Failed to send event [dcba0ee8381a457eb3d170e418c00e6b] to o4508363333959680.ingest.de.sentry.io [project:4508363545575504]. Reason: "cURL Error (60) SSL certificate problem: unable to get local issuer certificate".
sentry/sentry: [debug] The "Sentry\Integration\ExceptionListenerIntegration, Sentry\Integration\ErrorListenerIntegration, Sentry\Integration\FatalErrorListenerIntegration, Sentry\Integration\RequestIntegration, Sentry\Integration\TransactionIntegration, Sentry\Integration\FrameContextifierIntegration, Sentry\Integration\EnvironmentIntegration, Sentry\Integration\ModulesIntegration" integration(s) have been installed.
sentry/sentry: [info] Sending event [5a25b686bc1345c08c949f60563be6a8] to o4508363333959680.ingest.de.sentry.io [project:4508363545575504].
sentry/sentry: [error] Failed to send event [5a25b686bc1345c08c949f60563be6a8] to o4508363333959680.ingest.de.sentry.io [project:4508363545575504]. Reason: "cURL Error (60) SSL certificate problem: unable to get local issuer certificate".
sentry/sentry: [debug] The "Sentry\Integration\ExceptionListenerIntegration, Sentry\Integration\ErrorListenerIntegration, Sentry\Integration\FatalErrorListenerIntegration, Sentry\Integration\RequestIntegration, Sentry\Integration\TransactionIntegration, Sentry\Integration\FrameContextifierIntegration, Sentry\Integration\EnvironmentIntegration, Sentry\Integration\ModulesIntegration" integration(s) have been installed.
sentry/sentry: [info] Sending event [14c5e900ea56484681bf7a580ce42331] to o4508363333959680.ingest.de.sentry.io [project:4508363545575504].
sentry/sentry: [info] Sent event [14c5e900ea56484681bf7a580ce42331] to o4508363333959680.ingest.de.sentry.io [project:4508363545575504]. Result: "success" (status: 200).sentry/sentry: [debug] The "Sentry\Integration\ExceptionListenerIntegration, Sentry\Integration\ErrorListenerIntegration, Sentry\Integration\FatalErrorListenerIntegration, Sentry\Integration\RequestIntegration, Sentry\Integration\TransactionIntegration, Sentry\Integration\FrameContextifierIntegration, Sentry\Integration\EnvironmentIntegration, Sentry\Integration\ModulesIntegration" integration(s) have been installed.
sentry/sentry: [info] Sending event [d34107f95b2846d495ddbb9c4e884d84] to o4508363333959680.ingest.de.sentry.io [project:4508363545575504].
sentry/sentry: [info] Sent event [d34107f95b2846d495ddbb9c4e884d84] to o4508363333959680.ingest.de.sentry.io [project:4508363545575504]. Result: "success" (status: 200).
